{
  "instance" : "B-n31-k5",
  "optimum" : 672.0,
  "parameters" : {
    "max-iter" : 100,
    "num-elite-ants" : 6,
    "beta" : 2,
    "pertubation-ratio" : 0.7,
    "lambda" : 0.95,
    "initial-temperature" : 5.0,
    "sa-max-tries" : 250,
    "initial-trail" : 0.5,
    "max-best-so-far-not-improved" : 5,
    "num-ants" : 31,
    "max-runtime" : 600,
    "max-best-unchanged" : 31,
    "evaporation-rate" : 0.9,
    "tabu-size" : 3,
    "alpha" : 1
  },
  "solution" : {
    "tour" : [ 0, 8, 7, 23, 12, 28, 26, 0, 22, 6, 9, 13, 17, 30, 0, 3, 1, 19, 24, 11, 15, 14, 0, 21, 16, 18, 5, 25, 4, 29, 0, 20, 27, 10, 2, 0 ],
    "cost" : 672.0
  },
  "start" : "13-05-2018 19:34:07",
  "end" : "13-05-2018 19:34:08",
  "elapsed-time" : 1.219041533,
  "dev" : 0.0
}