{
  "instance" : "B-n50-k7",
  "optimum" : 741.0,
  "parameters" : {
    "max-iter" : 100,
    "num-elite-ants" : 6,
    "beta" : 2,
    "pertubation-ratio" : 0.7,
    "lambda" : 0.95,
    "initial-temperature" : 5.0,
    "sa-max-tries" : 250,
    "initial-trail" : 0.5,
    "max-best-so-far-not-improved" : 5,
    "num-ants" : 50,
    "max-runtime" : 600,
    "max-best-unchanged" : 50,
    "evaporation-rate" : 0.9,
    "tabu-size" : 3,
    "alpha" : 1
  },
  "solution" : {
    "tour" : [ 0, 23, 1, 13, 26, 39, 12, 0, 30, 7, 41, 31, 47, 0, 3, 10, 42, 16, 27, 24, 43, 14, 18, 25, 0, 28, 32, 40, 15, 0, 34, 49, 44, 19, 17, 48, 2, 6, 0, 21, 45, 36, 5, 8, 20, 11, 37, 0, 33, 22, 38, 9, 46, 29, 4, 35, 0 ],
    "cost" : 741.0
  },
  "start" : "13-05-2018 19:34:08",
  "end" : "13-05-2018 19:34:33",
  "elapsed-time" : 25.065333241,
  "dev" : 0.0
}