{
  "instance" : "B-n57-k7",
  "optimum" : 1153.0,
  "parameters" : {
    "max-iter" : 100,
    "num-elite-ants" : 6,
    "beta" : 2,
    "pertubation-ratio" : 0.7,
    "lambda" : 0.95,
    "initial-temperature" : 5.0,
    "sa-max-tries" : 250,
    "initial-trail" : 0.5,
    "max-best-so-far-not-improved" : 5,
    "num-ants" : 57,
    "max-runtime" : 600,
    "max-best-unchanged" : 57,
    "evaporation-rate" : 0.9,
    "tabu-size" : 3,
    "alpha" : 1
  },
  "solution" : {
    "tour" : [ 0, 48, 45, 6, 31, 11, 15, 0, 16, 10, 3, 21, 44, 49, 1, 55, 0, 25, 28, 8, 53, 12, 38, 26, 56, 0, 36, 9, 51, 34, 17, 41, 19, 18, 0, 23, 46, 5, 33, 13, 24, 27, 0, 2, 30, 22, 42, 39, 14, 52, 50, 0, 32, 47, 20, 43, 7, 37, 0, 4, 40, 29, 35, 54, 0 ],
    "cost" : 1153.0
  },
  "start" : "13-05-2018 19:54:27",
  "end" : "13-05-2018 19:54:35",
  "elapsed-time" : 7.509901639,
  "dev" : 0.0
}